<?xml version="1.0" encoding="UTF-8" ?>
<testsuites name="vitest tests" tests="9" failures="1" errors="0" time="0.025199875">
    <testsuite name="test/ssr.e2e.test.ts" timestamp="2026-03-09T05:22:01.652Z" hostname="junes-Mac-Studio.local" tests="9" failures="1" errors="0" skipped="8" time="0.025199875">
        <testcase classname="test/ssr.e2e.test.ts" name="js-ssr:storage with_auth &gt; upload_download_roundtrip_with_auth" time="0">
            <skipped/>
        </testcase>
        <testcase classname="test/ssr.e2e.test.ts" name="js-ssr:storage with_auth &gt; upload + list_with_prefix" time="0">
            <skipped/>
        </testcase>
        <testcase classname="test/ssr.e2e.test.ts" name="js-ssr:storage with_auth &gt; upload + delete_file" time="0">
            <skipped/>
        </testcase>
        <testcase classname="test/ssr.e2e.test.ts" name="js-ssr:storage with_auth &gt; storage_signed_url" time="0">
            <skipped/>
        </testcase>
        <testcase classname="test/ssr.e2e.test.ts" name="js-ssr:storage with_auth &gt; storage_metadata" time="0">
            <skipped/>
        </testcase>
        <testcase classname="test/ssr.e2e.test.ts" name="js-ssr:storage with_auth &gt; storage_uploadString" time="0">
            <skipped/>
        </testcase>
        <testcase classname="test/ssr.e2e.test.ts" name="js-ssr:storage with_auth &gt; storage_getUrl contains bucket and key" time="0">
            <skipped/>
        </testcase>
        <testcase classname="test/ssr.e2e.test.ts" name="js-ssr:storage with_auth &gt; storage_nonexistent_throws" time="0">
            <skipped/>
        </testcase>
        <testcase classname="test/ssr.e2e.test.ts" name="test/ssr.e2e.test.ts" time="0.025199875">
            <system-err>
AggregateError: 
    at internalConnectMultiple (node:net:1122:18)
    at afterConnectMultiple (node:net:1689:7) {
  code: &apos;ECONNREFUSED&apos;,
  [errors]: [
    Error: connect ECONNREFUSED ::1:8688
        at createConnectionError (node:net:1652:14)
        at afterConnectMultiple (node:net:1682:16) {
      errno: -61,
      code: &apos;ECONNREFUSED&apos;,
      syscall: &apos;connect&apos;,
      address: &apos;::1&apos;,
      port: 8688
    },
    Error: connect ECONNREFUSED 127.0.0.1:8688
        at createConnectionError (node:net:1652:14)
        at afterConnectMultiple (node:net:1682:16) {
      errno: -61,
      code: &apos;ECONNREFUSED&apos;,
      syscall: &apos;connect&apos;,
      address: &apos;127.0.0.1&apos;,
      port: 8688
    }
  ]
}
AggregateError: 
    at internalConnectMultiple (node:net:1122:18)
    at afterConnectMultiple (node:net:1689:7) {
  code: &apos;ECONNREFUSED&apos;,
  [errors]: [
    Error: connect ECONNREFUSED ::1:8688
        at createConnectionError (node:net:1652:14)
        at afterConnectMultiple (node:net:1682:16) {
      errno: -61,
      code: &apos;ECONNREFUSED&apos;,
      syscall: &apos;connect&apos;,
      address: &apos;::1&apos;,
      port: 8688
    },
    Error: connect ECONNREFUSED 127.0.0.1:8688
        at createConnectionError (node:net:1652:14)
        at afterConnectMultiple (node:net:1682:16) {
      errno: -61,
      code: &apos;ECONNREFUSED&apos;,
      syscall: &apos;connect&apos;,
      address: &apos;127.0.0.1&apos;,
      port: 8688
    }
  ]
}

            </system-err>
            <failure message="Failed to execute &quot;fetch()&quot; on &quot;Window&quot; with URL &quot;http://localhost:8688/api/auth/signup&quot;: " type="NetworkError">
NetworkError: Failed to execute &quot;fetch()&quot; on &quot;Window&quot; with URL &quot;http://localhost:8688/api/auth/signup&quot;: 
 ❯ Fetch.onError ../../../node_modules/.pnpm/happy-dom@20.8.3/node_modules/happy-dom/src/fetch/Fetch.ts:700:4
            </failure>
        </testcase>
    </testsuite>
</testsuites>
